
> bcrypto-web@1.0.0 build
> react-scripts build

Creating an optimized production build...
Compiled with warnings.

[eslint]
src/App.jsx
  Line 7:3:    'User' is defined but never used                                                                                 no-unused-vars
  Line 10:3:   'Maximize2' is defined but never used                                                                            no-unused-vars
  Line 464:6:  React Hook useEffect has a missing dependency: 'refreshData'. Either include it or remove the dependency array   react-hooks/exhaustive-deps
  Line 468:6:  React Hook useEffect has a missing dependency: 'fetchHistory'. Either include it or remove the dependency array  react-hooks/exhaustive-deps

Search for the keywords to learn more about each warning.
To ignore, add // eslint-disable-next-line to the line before.

File sizes after gzip:

  195.12 kB  build/static/js/main.3b07ccae.js
  4.92 kB    build/static/css/main.da58ebc1.css

The project was built assuming it is hosted at /.
You can control this with the homepage field in your package.json.

The build folder is ready to be deployed.
You may serve it with a static server:

  npm install -g serve
  serve -s build

Find out more about deployment here:

  https://cra.link/deployment
