
> bcrypto-web@1.0.0 start
> react-scripts start

(node:4340) [DEP_WEBPACK_DEV_SERVER_ON_AFTER_SETUP_MIDDLEWARE] DeprecationWarning: 'onAfterSetupMiddleware' option is deprecated. Please use the 'setupMiddlewares' option.
(Use `node --trace-deprecation ...` to show where the warning was created)
(node:4340) [DEP_WEBPACK_DEV_SERVER_ON_BEFORE_SETUP_MIDDLEWARE] DeprecationWarning: 'onBeforeSetupMiddleware' option is deprecated. Please use the 'setupMiddlewares' option.
Starting the development server...

Compiled with warnings.

[eslint]
src/App.jsx
  Line 7:3:    'User' is defined but never used                                                                                 no-unused-vars
  Line 10:3:   'Maximize2' is defined but never used                                                                            no-unused-vars
  Line 464:6:  React Hook useEffect has a missing dependency: 'refreshData'. Either include it or remove the dependency array   react-hooks/exhaustive-deps
  Line 468:6:  React Hook useEffect has a missing dependency: 'fetchHistory'. Either include it or remove the dependency array  react-hooks/exhaustive-deps

Search for the keywords to learn more about each warning.
To ignore, add // eslint-disable-next-line to the line before.

WARNING in [eslint]
src/App.jsx
  Line 7:3:    'User' is defined but never used                                                                                 no-unused-vars
  Line 10:3:   'Maximize2' is defined but never used                                                                            no-unused-vars
  Line 464:6:  React Hook useEffect has a missing dependency: 'refreshData'. Either include it or remove the dependency array   react-hooks/exhaustive-deps
  Line 468:6:  React Hook useEffect has a missing dependency: 'fetchHistory'. Either include it or remove the dependency array  react-hooks/exhaustive-deps

webpack compiled with 1 warning
Compiling...
Compiled with warnings.

[eslint]
src/App.jsx
  Line 7:3:    'User' is defined but never used                                                                                 no-unused-vars
  Line 10:3:   'Maximize2' is defined but never used                                                                            no-unused-vars
  Line 464:6:  React Hook useEffect has a missing dependency: 'refreshData'. Either include it or remove the dependency array   react-hooks/exhaustive-deps
  Line 468:6:  React Hook useEffect has a missing dependency: 'fetchHistory'. Either include it or remove the dependency array  react-hooks/exhaustive-deps

Search for the keywords to learn more about each warning.
To ignore, add // eslint-disable-next-line to the line before.

WARNING in [eslint]
src/App.jsx
  Line 7:3:    'User' is defined but never used                                                                                 no-unused-vars
  Line 10:3:   'Maximize2' is defined but never used                                                                            no-unused-vars
  Line 464:6:  React Hook useEffect has a missing dependency: 'refreshData'. Either include it or remove the dependency array   react-hooks/exhaustive-deps
  Line 468:6:  React Hook useEffect has a missing dependency: 'fetchHistory'. Either include it or remove the dependency array  react-hooks/exhaustive-deps

webpack compiled with 1 warning
Compiling...
Compiled with warnings.

[eslint]
src/App.jsx
  Line 7:3:    'User' is defined but never used                                                                                 no-unused-vars
  Line 10:3:   'Maximize2' is defined but never used                                                                            no-unused-vars
  Line 464:6:  React Hook useEffect has a missing dependency: 'refreshData'. Either include it or remove the dependency array   react-hooks/exhaustive-deps
  Line 468:6:  React Hook useEffect has a missing dependency: 'fetchHistory'. Either include it or remove the dependency array  react-hooks/exhaustive-deps

Search for the keywords to learn more about each warning.
To ignore, add // eslint-disable-next-line to the line before.

WARNING in [eslint]
src/App.jsx
  Line 7:3:    'User' is defined but never used                                                                                 no-unused-vars
  Line 10:3:   'Maximize2' is defined but never used                                                                            no-unused-vars
  Line 464:6:  React Hook useEffect has a missing dependency: 'refreshData'. Either include it or remove the dependency array   react-hooks/exhaustive-deps
  Line 468:6:  React Hook useEffect has a missing dependency: 'fetchHistory'. Either include it or remove the dependency array  react-hooks/exhaustive-deps

webpack compiled with 1 warning
Compiling...
Compiled with warnings.

[eslint]
src/App.jsx
  Line 7:3:    'User' is defined but never used                                                                                 no-unused-vars
  Line 10:3:   'Maximize2' is defined but never used                                                                            no-unused-vars
  Line 464:6:  React Hook useEffect has a missing dependency: 'refreshData'. Either include it or remove the dependency array   react-hooks/exhaustive-deps
  Line 468:6:  React Hook useEffect has a missing dependency: 'fetchHistory'. Either include it or remove the dependency array  react-hooks/exhaustive-deps

Search for the keywords to learn more about each warning.
To ignore, add // eslint-disable-next-line to the line before.

WARNING in [eslint]
src/App.jsx
  Line 7:3:    'User' is defined but never used                                                                                 no-unused-vars
  Line 10:3:   'Maximize2' is defined but never used                                                                            no-unused-vars
  Line 464:6:  React Hook useEffect has a missing dependency: 'refreshData'. Either include it or remove the dependency array   react-hooks/exhaustive-deps
  Line 468:6:  React Hook useEffect has a missing dependency: 'fetchHistory'. Either include it or remove the dependency array  react-hooks/exhaustive-deps

webpack compiled with 1 warning
